cuda:0
Epoch 1/25
----------
train Loss: 1.5807 Acc: 0.5243
test Loss: 0.9916 Acc: 0.7742

F1 Score:
  altar    apse    bell_tower    column    dome(inner)    dome(outer)    flying_buttress    gargoyle    stained_glass    vault
-------  ------  ------------  --------  -------------  -------------  -----------------  ----------  ---------------  -------
 0.7955       0         0.651    0.7463         0.8657         0.8442             0.0556      0.8433            0.936   0.8395

Epoch 2/25
----------
train Loss: 0.6976 Acc: 0.8097
test Loss: 0.6540 Acc: 0.8340

F1 Score:
  altar    apse    bell_tower    column    dome(inner)    dome(outer)    flying_buttress    gargoyle    stained_glass    vault
-------  ------  ------------  --------  -------------  -------------  -----------------  ----------  ---------------  -------
 0.8955  0.1791        0.7579    0.8094         0.8696         0.8932                0.4      0.9073           0.9379   0.8882

Epoch 3/25
----------
train Loss: 0.5059 Acc: 0.8514
test Loss: 0.5372 Acc: 0.8533

F1 Score:
  altar    apse    bell_tower    column    dome(inner)    dome(outer)    flying_buttress    gargoyle    stained_glass    vault
-------  ------  ------------  --------  -------------  -------------  -----------------  ----------  ---------------  -------
 0.8963  0.4158        0.7902    0.8049         0.9078         0.8874             0.5818      0.9339           0.9517   0.9112

Epoch 4/25
----------
train Loss: 0.4216 Acc: 0.8744
test Loss: 0.4804 Acc: 0.8632

F1 Score:
  altar    apse    bell_tower    column    dome(inner)    dome(outer)    flying_buttress    gargoyle    stained_glass    vault
-------  ------  ------------  --------  -------------  -------------  -----------------  ----------  ---------------  -------
 0.9247  0.4396         0.788    0.8325         0.8951         0.8696             0.6504      0.9429           0.9477   0.9176

Epoch 5/25
----------
train Loss: 0.3791 Acc: 0.8862
test Loss: 0.4331 Acc: 0.8746

F1 Score:
  altar    apse    bell_tower    column    dome(inner)    dome(outer)    flying_buttress    gargoyle    stained_glass    vault
-------  ------  ------------  --------  -------------  -------------  -----------------  ----------  ---------------  -------
 0.9319  0.5981        0.8258    0.8263         0.9078         0.8553             0.7097      0.9414            0.955   0.9226

Epoch 6/25
----------
train Loss: 0.3462 Acc: 0.8938
test Loss: 0.4075 Acc: 0.8789

F1 Score:
  altar    apse    bell_tower    column    dome(inner)    dome(outer)    flying_buttress    gargoyle    stained_glass    vault
-------  ------  ------------  --------  -------------  -------------  -----------------  ----------  ---------------  -------
 0.9281  0.6019        0.8459    0.8413         0.9065         0.8762              0.705      0.9293           0.9586    0.924

Epoch 7/25
----------
train Loss: 0.3092 Acc: 0.9044
test Loss: 0.3843 Acc: 0.8882

F1 Score:
  altar    apse    bell_tower    column    dome(inner)    dome(outer)    flying_buttress    gargoyle    stained_glass    vault
-------  ------  ------------  --------  -------------  -------------  -----------------  ----------  ---------------  -------
 0.9338  0.6667        0.8636    0.8474         0.9143         0.8701             0.7259      0.9449           0.9586   0.9298

Epoch 8/25
----------
train Loss: 0.2981 Acc: 0.9078
test Loss: 0.3789 Acc: 0.8882

F1 Score:
  altar    apse    bell_tower    column    dome(inner)    dome(outer)    flying_buttress    gargoyle    stained_glass    vault
-------  ------  ------------  --------  -------------  -------------  -----------------  ----------  ---------------  -------
 0.9382  0.6606         0.858    0.8396         0.9014         0.8599             0.7556      0.9534           0.9586   0.9275

Epoch 9/25
----------
train Loss: 0.3011 Acc: 0.9055
test Loss: 0.3725 Acc: 0.8882

F1 Score:
  altar    apse    bell_tower    column    dome(inner)    dome(outer)    flying_buttress    gargoyle    stained_glass    vault
-------  ------  ------------  --------  -------------  -------------  -----------------  ----------  ---------------  -------
 0.9386  0.6604         0.858    0.8333         0.9014         0.8671             0.7536      0.9534           0.9586   0.9271

Epoch 10/25
----------
train Loss: 0.3051 Acc: 0.9041
test Loss: 0.3710 Acc: 0.8903

F1 Score:
  altar    apse    bell_tower    column    dome(inner)    dome(outer)    flying_buttress    gargoyle    stained_glass    vault
-------  ------  ------------  --------  -------------  -------------  -----------------  ----------  ---------------  -------
 0.9386  0.6729         0.858    0.8457         0.9014         0.8726             0.7591      0.9492           0.9586   0.9267

Epoch 11/25
----------
train Loss: 0.2947 Acc: 0.9076
test Loss: 0.3740 Acc: 0.8868

F1 Score:
  altar    apse    bell_tower    column    dome(inner)    dome(outer)    flying_buttress    gargoyle    stained_glass    vault
-------  ------  ------------  --------  -------------  -------------  -----------------  ----------  ---------------  -------
  0.942  0.6604        0.8604    0.8302         0.9014         0.8616             0.7429      0.9469           0.9586   0.9329

Epoch 12/25
----------
train Loss: 0.2951 Acc: 0.9109
test Loss: 0.3686 Acc: 0.8896

F1 Score:
  altar    apse    bell_tower    column    dome(inner)    dome(outer)    flying_buttress    gargoyle    stained_glass    vault
-------  ------  ------------  --------  -------------  -------------  -----------------  ----------  ---------------  -------
  0.942  0.6731         0.858    0.8333         0.9014         0.8644             0.7626      0.9516           0.9586   0.9326

Epoch 13/25
----------
train Loss: 0.2953 Acc: 0.9080
test Loss: 0.3657 Acc: 0.8917

F1 Score:
  altar    apse    bell_tower    column    dome(inner)    dome(outer)    flying_buttress    gargoyle    stained_glass    vault
-------  ------  ------------  --------  -------------  -------------  -----------------  ----------  ---------------  -------
  0.942  0.6667        0.8653    0.8396         0.9014         0.8679              0.766      0.9536           0.9586   0.9298

Epoch 14/25
----------
train Loss: 0.2993 Acc: 0.9049
test Loss: 0.3671 Acc: 0.8882

F1 Score:
  altar    apse    bell_tower    column    dome(inner)    dome(outer)    flying_buttress    gargoyle    stained_glass    vault
-------  ------  ------------  --------  -------------  -------------  -----------------  ----------  ---------------  -------
  0.942  0.6602        0.8604    0.8333         0.9014         0.8625             0.7606      0.9487           0.9586   0.9302

Epoch 15/25
----------
train Loss: 0.2874 Acc: 0.9139
test Loss: 0.3614 Acc: 0.8917

F1 Score:
  altar    apse    bell_tower    column    dome(inner)    dome(outer)    flying_buttress    gargoyle    stained_glass    vault
-------  ------  ------------  --------  -------------  -------------  -----------------  ----------  ---------------  -------
  0.942  0.6667        0.8653    0.8427         0.9014         0.8707             0.7571      0.9516           0.9586   0.9298

Epoch 16/25
----------
train Loss: 0.2872 Acc: 0.9076
test Loss: 0.3655 Acc: 0.8925

F1 Score:
  altar    apse    bell_tower    column    dome(inner)    dome(outer)    flying_buttress    gargoyle    stained_glass    vault
-------  ------  ------------  --------  -------------  -------------  -----------------  ----------  ---------------  -------
  0.942  0.6667        0.8678    0.8396         0.9014         0.8625             0.7714      0.9576           0.9586   0.9302

Epoch 17/25
----------
train Loss: 0.2869 Acc: 0.9105
test Loss: 0.3634 Acc: 0.8889

F1 Score:
  altar    apse    bell_tower    column    dome(inner)    dome(outer)    flying_buttress    gargoyle    stained_glass    vault
-------  ------  ------------  --------  -------------  -------------  -----------------  ----------  ---------------  -------
 0.9386  0.6857        0.8555    0.8302         0.9143         0.8671             0.7606      0.9492           0.9622   0.9267

Epoch 18/25
----------
train Loss: 0.2942 Acc: 0.9100
test Loss: 0.3617 Acc: 0.8917

F1 Score:
  altar    apse    bell_tower    column    dome(inner)    dome(outer)    flying_buttress    gargoyle    stained_glass    vault
-------  ------  ------------  --------  -------------  -------------  -----------------  ----------  ---------------  -------
  0.942  0.6667        0.8629    0.8427         0.9014         0.8671             0.7626      0.9554           0.9586   0.9302

Epoch 19/25
----------
train Loss: 0.2809 Acc: 0.9154
test Loss: 0.3645 Acc: 0.8889

F1 Score:
  altar    apse    bell_tower    column    dome(inner)    dome(outer)    flying_buttress    gargoyle    stained_glass    vault
-------  ------  ------------  --------  -------------  -------------  -----------------  ----------  ---------------  -------
  0.942  0.6602        0.8555    0.8333         0.9014         0.8671              0.766      0.9514           0.9586   0.9298

Epoch 20/25
----------
train Loss: 0.2914 Acc: 0.9091
test Loss: 0.3687 Acc: 0.8896

F1 Score:
  altar    apse    bell_tower    column    dome(inner)    dome(outer)    flying_buttress    gargoyle    stained_glass    vault
-------  ------  ------------  --------  -------------  -------------  -----------------  ----------  ---------------  -------
  0.942  0.6857        0.8563    0.8324         0.9014         0.8671             0.7714      0.9492           0.9586   0.9298

Epoch 21/25
----------
train Loss: 0.2846 Acc: 0.9137
test Loss: 0.3595 Acc: 0.8925

F1 Score:
  altar    apse    bell_tower    column    dome(inner)    dome(outer)    flying_buttress    gargoyle    stained_glass    vault
-------  ------  ------------  --------  -------------  -------------  -----------------  ----------  ---------------  -------
  0.942  0.6731        0.8612    0.8396         0.9078         0.8754              0.766      0.9514           0.9622   0.9298

Epoch 22/25
----------
train Loss: 0.2906 Acc: 0.9115
test Loss: 0.3669 Acc: 0.8889

F1 Score:
  altar    apse    bell_tower    column    dome(inner)    dome(outer)    flying_buttress    gargoyle    stained_glass    vault
-------  ------  ------------  --------  -------------  -------------  -----------------  ----------  ---------------  -------
  0.942  0.6602         0.858    0.8333         0.9014         0.8652             0.7571      0.9532           0.9586   0.9302

Epoch 23/25
----------
train Loss: 0.2837 Acc: 0.9111
test Loss: 0.3601 Acc: 0.8932

F1 Score:
  altar    apse    bell_tower    column    dome(inner)    dome(outer)    flying_buttress    gargoyle    stained_glass    vault
-------  ------  ------------  --------  -------------  -------------  -----------------  ----------  ---------------  -------
  0.942  0.6602        0.8629    0.8427         0.9078         0.8762              0.766      0.9536           0.9622   0.9298

Epoch 24/25
----------
train Loss: 0.2955 Acc: 0.9092
test Loss: 0.3664 Acc: 0.8882

F1 Score:
  altar    apse    bell_tower    column    dome(inner)    dome(outer)    flying_buttress    gargoyle    stained_glass    vault
-------  ------  ------------  --------  -------------  -------------  -----------------  ----------  ---------------  -------
  0.942  0.6667        0.8588    0.8333         0.9014         0.8726               0.75      0.9465           0.9586   0.9302

Epoch 25/25
----------
train Loss: 0.2898 Acc: 0.9104
test Loss: 0.3645 Acc: 0.8896

F1 Score:
  altar    apse    bell_tower    column    dome(inner)    dome(outer)    flying_buttress    gargoyle    stained_glass    vault
-------  ------  ------------  --------  -------------  -------------  -----------------  ----------  ---------------  -------
  0.942  0.6667         0.858    0.8333         0.9014         0.8679             0.7606      0.9532           0.9586   0.9302

Training complete in 16m 56s
Best val Acc: 0.893162
saving final model state to ./resnet18_final_state.pth.tar
